1586839073692	mozrunner::runner	INFO	Running command: "C:\\Program Files\\Mozilla Firefox\\firefox.exe" "-marionette" "-foreground" "-no-remote" "-profile" "C:\\Users\\Hewen\\AppData\\Local\\Temp\\rust_mozprofileaDUCze"
1586839074057	addons.webextension.doh-rollout@mozilla.org	WARN	Loading extension 'doh-rollout@mozilla.org': Reading manifest: Invalid extension permission: networkStatus
1586839074529	addons.webextension.screenshots@mozilla.org	WARN	Loading extension 'screenshots@mozilla.org': Reading manifest: Invalid extension permission: mozillaAddons
1586839074530	addons.webextension.screenshots@mozilla.org	WARN	Loading extension 'screenshots@mozilla.org': Reading manifest: Invalid extension permission: telemetry
1586839074530	addons.webextension.screenshots@mozilla.org	WARN	Loading extension 'screenshots@mozilla.org': Reading manifest: Invalid extension permission: resource://pdf.js/
1586839074530	addons.webextension.screenshots@mozilla.org	WARN	Loading extension 'screenshots@mozilla.org': Reading manifest: Invalid extension permission: about:reader*
JavaScript error: resource://gre/modules/XULStore.jsm, line 66: Error: Can't find profile directory.
1586839076776	Marionette	INFO	Listening on port 1703
1586839076819	Marionette	WARN	TLS certificate errors will be ignored for this session
1586839084680	Marionette	INFO	Stopped listening on port 1703

###!!! [Child][RunMessage] Error: Channel closing: too late to send/recv, messages will be lost


###!!! [Child][MessageChannel::SendAndWait] Error: Channel error: cannot send/recv

1586842851430	mozrunner::runner	INFO	Running command: "C:\\Program Files\\Mozilla Firefox\\firefox.exe" "-marionette" "-foreground" "-no-remote" "-profile" "C:\\Users\\Hewen\\AppData\\Local\\Temp\\rust_mozprofilee5DJMF"
1586842852043	addons.webextension.doh-rollout@mozilla.org	WARN	Loading extension 'doh-rollout@mozilla.org': Reading manifest: Invalid extension permission: networkStatus
1586842852501	addons.webextension.screenshots@mozilla.org	WARN	Loading extension 'screenshots@mozilla.org': Reading manifest: Invalid extension permission: mozillaAddons
1586842852501	addons.webextension.screenshots@mozilla.org	WARN	Loading extension 'screenshots@mozilla.org': Reading manifest: Invalid extension permission: telemetry
1586842852501	addons.webextension.screenshots@mozilla.org	WARN	Loading extension 'screenshots@mozilla.org': Reading manifest: Invalid extension permission: resource://pdf.js/
1586842852501	addons.webextension.screenshots@mozilla.org	WARN	Loading extension 'screenshots@mozilla.org': Reading manifest: Invalid extension permission: about:reader*
JavaScript error: resource://gre/modules/XULStore.jsm, line 66: Error: Can't find profile directory.
1586842854543	Marionette	INFO	Listening on port 6261
1586842855044	Marionette	WARN	TLS certificate errors will be ignored for this session
JavaScript error: https://dss1.bdstatic.com/5eN1bjq8AAUYm2zgoY3K/r/www/cache/static/protocol/https/plugins/every_cookie_4644b13.js, line 4: ReferenceError: c is not defined
JavaScript warning: http://js.mafengwo.net/js/cv/js+Dropdown:js+pageletcommon+pageHeadUserInfoWWWNormal:js+jquery.tmpl:js+M+module+InputListener:js+M+module+SuggestionXHR:js+M+module+DropList:js+M+module+Suggestion:js+M+module+MesSearchEvent:js+SiteSearch:js+AHeader:js+jquery.lazyload:js+M+module+Pagination:js+index+ControllerRecommend:js+M+module+ClickToggle:js+M+module+Slider:js+CitySelectPop:js+xdate:js+hotel+module+FestivalDateConfig:js+jquery-ui-core:js+jquery-ui-datepicker:js+hotel+module+DateRangePicker:js+hotel+module+Datepicker:js+M+module+Storage:js+hotel+module+ModuleProvider:js+hotel+module+BookingDate:js+M+module+dialog+Layer:js+M+module+dialog+DialogBase:js+M+module+dialog+Dialog:js+M+module+dialog+alert:js+hotel+module+Log:js+hotel+module+Search_v2:js+AIndex:js+module+app+Page:js+M+module+Toggle:js+index+AGinfoSearch:js+M+module+PageAdmin:js+M+module+Cookie:js+M+module+ResourceKeeper:js+jquery.jgrowl.min:js+AMessage:js+M+module+FrequencyVerifyControl:js+M+module+FrequencySystemVerify:js+ALogin:js+M+module+ScrollObserver:js+M+module+QRCode:js+AToolbar:js+ACnzzGaLog:js+ARecruit:js+ALazyLoad%5EYlVUQw%5E1577348452.js, line 75: unreachable code after return statement
1586843869822	Marionette	INFO	Stopped listening on port 6261

###!!! [Child][MessageChannel::SendAndWait] Error: Channel error: cannot send/recv

file" "C:\\Users\\Hewen\\AppData\\Local\\Temp\\rust_mozprofileTtyxVG"
1586843014653	addons.webextension.doh-rollout@mozilla.org	WARN	Loading extension 'doh-rollout@mozilla.org': Reading manifest: Invalid extension permission: networkStatus
1586843015149	addons.webextension.screenshots@mozilla.org	WARN	Loading extension 'screenshots@mozilla.org': Reading manifest: Invalid extension permission: mozillaAddons
1586843015149	addons.webextension.screenshots@mozilla.org	WARN	Loading extension 'screenshots@mozilla.org': Reading manifest: Invalid extension permission: telemetry
1586843015150	addons.webextension.screenshots@mozilla.org	WARN	Loading extension 'screenshots@mozilla.org': Reading manifest: Invalid extension permission: resource://pdf.js/
1586843015150	addons.webextension.screenshots@mozilla.org	WARN	Loading extension 'screenshots@mozilla.org': Reading manifest: Invalid extension permission: about:reader*
JavaScript error: resource://gre/modules/XULStore.jsm, line 66: Error: Can't find profile directory.
1586843017553	Marionette	INFO	Listening on port 6735
1586843017928	Marionette	WARN	TLS certificate errors will be ignored for this session
JavaScript warning: http://js.mafengwo.net/js/cv/js+Dropdown:js+pageletcommon+pageHeadUserInfoWWWNormal:js+jquery.tmpl:js+M+module+InputListener:js+M+module+SuggestionXHR:js+M+module+DropList:js+M+module+Suggestion:js+M+module+MesSearchEvent:js+SiteSearch:js+AHeader:js+jquery.lazyload:js+M+module+Pagination:js+index+ControllerRecommend:js+M+module+ClickToggle:js+M+module+Slider:js+CitySelectPop:js+xdate:js+hotel+module+FestivalDateConfig:js+jquery-ui-core:js+jquery-ui-datepicker:js+hotel+module+DateRangePicker:js+hotel+module+Datepicker:js+M+module+Storage:js+hotel+module+ModuleProvider:js+hotel+module+BookingDate:js+M+module+dialog+Layer:js+M+module+dialog+DialogBase:js+M+module+dialog+Dialog:js+M+module+dialog+alert:js+hotel+module+Log:js+hotel+module+Search_v2:js+AIndex:js+module+app+Page:js+M+module+Toggle:js+index+AGinfoSearch:js+M+module+PageAdmin:js+M+module+Cookie:js+M+module+ResourceKeeper:js+jquery.jgrowl.min:js+AMessage:js+M+module+FrequencyVerifyControl:js+M+module+FrequencySystemVerify:js+ALogin:js+M+module+ScrollObserver:js+M+module+QRCode:js+AToolbar:js+ACnzzGaLog:js+ARecruit:js+ALazyLoad%5EYlVUQw%5E1577348452.js, line 75: unreachable code after return statement
[Child 22032, Chrome_ChildThread] WARNING: pipe error: 232: file Z:/task_1585933993/build/src/ipc/chromium/src/chrome/common/ipc_channel_win.cc, line 514
[Child 22032, Chrome_ChildThread] WARNING: pipe error: 232: file Z:/task_1585933993/build/src/ipc/chromium/src/chrome/common/ipc_channel_win.cc, line 514
1586843030064	Marionette	INFO	Stopped listening on port 6735

###!!! [Child][RunMessage] Error: Channel closing: too late to send/recv, messages will be lost


###!!! [Child][MessageChannel::SendAndWait] Error: Channel error: cannot send/recv

1586843076654	mozrunner::runner	INFO	Running command: "C:\\Program Files\\Mozilla Firefox\\firefox.exe" "-marionette" "-foreground" "-no-remote" "-profile" "C:\\Users\\Hewen\\AppData\\Local\\Temp\\rust_mozprofileVkhU7o"
1586843077072	addons.webextension.doh-rollout@mozilla.org	WARN	Loading extension 'doh-rollout@mozilla.org': Reading manifest: Invalid extension permission: networkStatus
1586843077808	addons.webextension.screenshots@mozilla.org	WARN	Loading extension 'screenshots@mozilla.org': Reading manifest: Invalid extension permission: mozillaAddons
1586843077808	addons.webextension.screenshots@mozilla.org	WARN	Loading extension 'screenshots@mozilla.org': Reading manifest: Invalid extension permission: telemetry
1586843077808	addons.webextension.screenshots@mozilla.org	WARN	Loading extension 'screenshots@mozilla.org': Reading manifest: Invalid extension permission: resource://pdf.js/
1586843077808	addons.webextension.screenshots@mozilla.org	WARN	Loading extension 'screenshots@mozilla.org': Reading manifest: Invalid extension permission: about:reader*
JavaScript error: resource://gre/modules/XULStore.jsm, line 66: Error: Can't find profile directory.
1586843081227	Marionette	INFO	Listening on port 6908
1586843081376	Marionette	WARN	TLS certificate errors will be ignored for this session
JavaScript warning: http://js.mafengwo.net/js/cv/js+Dropdown:js+pageletcommon+pageHeadUserInfoWWWNormal:js+jquery.tmpl:js+M+module+InputListener:js+M+module+SuggestionXHR:js+M+module+DropList:js+M+module+Suggestion:js+M+module+MesSearchEvent:js+SiteSearch:js+AHeader:js+jquery.lazyload:js+M+module+Pagination:js+index+ControllerRecommend:js+M+module+ClickToggle:js+M+module+Slider:js+CitySelectPop:js+xdate:js+hotel+module+FestivalDateConfig:js+jquery-ui-core:js+jquery-ui-datepicker:js+hotel+module+DateRangePicker:js+hotel+module+Datepicker:js+M+module+Storage:js+hotel+module+ModuleProvider:js+hotel+module+BookingDate:js+M+module+dialog+Layer:js+M+module+dialog+DialogBase:js+M+module+dialog+Dialog:js+M+module+dialog+alert:js+hotel+module+Log:js+hotel+module+Search_v2:js+AIndex:js+module+app+Page:js+M+module+Toggle:js+index+AGinfoSearch:js+M+module+PageAdmin:js+M+module+Cookie:js+M+module+ResourceKeeper:js+jquery.jgrowl.min:js+AMessage:js+M+module+FrequencyVerifyControl:js+M+module+FrequencySystemVerify:js+ALogin:js+M+module+ScrollObserver:js+M+module+QRCode:js+AToolbar:js+ACnzzGaLog:js+ARecruit:js+ALazyLoad%5EYlVUQw%5E1577348452.js, line 75: unreachable code after return statement
JavaScript warning: http://js.mafengwo.net/js/cv/js+Dropdown:js+pageletcommon+pageHeadUserInfoWWWNormal:js+jquery.tmpl:js+M+module+InputListener:js+M+module+SuggestionXHR:js+M+module+DropList:js+M+module+Suggestion:js+M+module+MesSearchEvent:js+SiteSearch:js+AHeader:js+jquery.lazyload:js+M+module+Pagination:js+index+ControllerRecommend:js+M+module+ClickToggle:js+M+module+Slider:js+CitySelectPop:js+xdate:js+hotel+module+FestivalDateConfig:js+jquery-ui-core:js+jquery-ui-datepicker:js+hotel+module+DateRangePicker:js+hotel+module+Datepicker:js+M+module+Storage:js+hotel+module+ModuleProvider:js+hotel+module+BookingDate:js+M+module+dialog+Layer:js+M+module+dialog+DialogBase:js+M+module+dialog+Dialog:js+M+module+dialog+alert:js+hotel+module+Log:js+hotel+module+Search_v2:js+AIndex:js+module+app+Page:js+M+module+Toggle:js+index+AGinfoSearch:js+M+module+PageAdmin:js+M+module+Cookie:js+M+module+ResourceKeeper:js+jquery.jgrowl.min:js+AMessage:js+M+module+FrequencyVerifyControl:js+M+module+FrequencySystemVerify:js+ALogin:js+M+module+ScrollObserver:js+M+module+QRCode:js+AToolbar:js+ACnzzGaLog:js+ARecruit:js+ALazyLoad%5EYlVUQw%5E1577348452.js, line 75: unreachable code after return statement
1586843866295	Marionette	INFO	Stopped listening on port 6908

###!!! [Child][RunMessage] Error: Channel closing: too late to send/recv, messages will be lost


###!!! [Child][MessageChannel::SendAndWait] Error: Channel error: cannot send/recv

on.doh-rollout@mozilla.org	WARN	Loading extension 'doh-rollout@mozilla.org': Reading manifest: Invalid extension permission: networkStatus
1586843181664	addons.webextension.screenshots@mozilla.org	WARN	Loading extension 'screenshots@mozilla.org': Reading manifest: Invalid extension permission: mozillaAddons
1586843181665	addons.webextension.screenshots@mozilla.org	WARN	Loading extension 'screenshots@mozilla.org': Reading manifest: Invalid extension permission: telemetry
1586843181665	addons.webextension.screenshots@mozilla.org	WARN	Loading extension 'screenshots@mozilla.org': Reading manifest: Invalid extension permission: resource://pdf.js/
1586843181665	addons.webextension.screenshots@mozilla.org	WARN	Loading extension 'screenshots@mozilla.org': Reading manifest: Invalid extension permission: about:reader*
JavaScript error: resource://gre/modules/XULStore.jsm, line 66: Error: Can't find profile directory.
1586843183977	Marionette	INFO	Listening on port 7226
1586843184399	Marionette	WARN	TLS certificate errors will be ignored for this session
JavaScript warning: http://js.mafengwo.net/js/cv/js+Dropdown:js+pageletcommon+pageHeadUserInfoWWWNormal:js+jquery.tmpl:js+M+module+InputListener:js+M+module+SuggestionXHR:js+M+module+DropList:js+M+module+Suggestion:js+M+module+MesSearchEvent:js+SiteSearch:js+AHeader:js+jquery.lazyload:js+M+module+Pagination:js+index+ControllerRecommend:js+M+module+ClickToggle:js+M+module+Slider:js+CitySelectPop:js+xdate:js+hotel+module+FestivalDateConfig:js+jquery-ui-core:js+jquery-ui-datepicker:js+hotel+module+DateRangePicker:js+hotel+module+Datepicker:js+M+module+Storage:js+hotel+module+ModuleProvider:js+hotel+module+BookingDate:js+M+module+dialog+Layer:js+M+module+dialog+DialogBase:js+M+module+dialog+Dialog:js+M+module+dialog+alert:js+hotel+module+Log:js+hotel+module+Search_v2:js+AIndex:js+module+app+Page:js+M+module+Toggle:js+index+AGinfoSearch:js+M+module+PageAdmin:js+M+module+Cookie:js+M+module+ResourceKeeper:js+jquery.jgrowl.min:js+AMessage:js+M+module+FrequencyVerifyControl:js+M+module+FrequencySystemVerify:js+ALogin:js+M+module+ScrollObserver:js+M+module+QRCode:js+AToolbar:js+ACnzzGaLog:js+ARecruit:js+ALazyLoad%5EYlVUQw%5E1577348452.js, line 75: unreachable code after return statement
[Child 2988, Chrome_ChildThread] WARNING: pipe error: 232: file Z:/task_1585933993/build/src/ipc/chromium/src/chrome/common/ipc_channel_win.cc, line 514
[Child 2988, Chrome_ChildThread] WARNING: pipe error: 232: file Z:/task_1585933993/build/src/ipc/chromium/src/chrome/common/ipc_channel_win.cc, line 514
1586843194826	Marionette	INFO	Stopped listening on port 7226

###!!! [Child][RunMessage] Error: Channel closing: too late to send/recv, messages will be lost


###!!! [Child][MessageChannel::SendAndWait] Error: Channel error: cannot send/recv

1586843200400	mozrunner::runner	INFO	Running command: "C:\\Program Files\\Mozilla Firefox\\firefox.exe" "-marionette" "-foreground" "-no-remote" "-profile" "C:\\Users\\Hewen\\AppData\\Local\\Temp\\rust_mozprofileVNn8aD"
1586843200800	addons.webextension.doh-rollout@mozilla.org	WARN	Loading extension 'doh-rollout@mozilla.org': Reading manifest: Invalid extension permission: networkStatus
1586843201282	addons.webextension.screenshots@mozilla.org	WARN	Loading extension 'screenshots@mozilla.org': Reading manifest: Invalid extension permission: mozillaAddons
1586843201283	addons.webextension.screenshots@mozilla.org	WARN	Loading extension 'screenshots@mozilla.org': Reading manifest: Invalid extension permission: telemetry
1586843201283	addons.webextension.screenshots@mozilla.org	WARN	Loading extension 'screenshots@mozilla.org': Reading manifest: Invalid extension permission: resource://pdf.js/
1586843201283	addons.webextension.screenshots@mozilla.org	WARN	Loading extension 'screenshots@mozilla.org': Reading manifest: Invalid extension permission: about:reader*
JavaScript error: resource://gre/modules/XULStore.jsm, line 66: Error: Can't find profile directory.
1586843203530	Marionette	INFO	Listening on port 7356
1586843204026	Marionette	WARN	TLS certificate errors will be ignored for this session
JavaScript warning: http://js.mafengwo.net/js/cv/js+Dropdown:js+pageletcommon+pageHeadUserInfoWWWNormal:js+jquery.tmpl:js+M+module+InputListener:js+M+module+SuggestionXHR:js+M+module+DropList:js+M+module+Suggestion:js+M+module+MesSearchEvent:js+SiteSearch:js+AHeader:js+jquery.lazyload:js+M+module+Pagination:js+index+ControllerRecommend:js+M+module+ClickToggle:js+M+module+Slider:js+CitySelectPop:js+xdate:js+hotel+module+FestivalDateConfig:js+jquery-ui-core:js+jquery-ui-datepicker:js+hotel+module+DateRangePicker:js+hotel+module+Datepicker:js+M+module+Storage:js+hotel+module+ModuleProvider:js+hotel+module+BookingDate:js+M+module+dialog+Layer:js+M+module+dialog+DialogBase:js+M+module+dialog+Dialog:js+M+module+dialog+alert:js+hotel+module+Log:js+hotel+module+Search_v2:js+AIndex:js+module+app+Page:js+M+module+Toggle:js+index+AGinfoSearch:js+M+module+PageAdmin:js+M+module+Cookie:js+M+module+ResourceKeeper:js+jquery.jgrowl.min:js+AMessage:js+M+module+FrequencyVerifyControl:js+M+module+FrequencySystemVerify:js+ALogin:js+M+module+ScrollObserver:js+M+module+QRCode:js+AToolbar:js+ACnzzGaLog:js+ARecruit:js+ALazyLoad%5EYlVUQw%5E1577348452.js, line 75: unreachable code after return statement
JavaScript error: resource://gre/modules/NetworkGeolocationProvider.jsm, line 555: TypeError: xhr.response.location is undefined
1586843248178	Marionette	INFO	Stopped listening on port 7356

###!!! [Child][MessageChannel::SendAndWait] Error: Channel error: cannot send/recv

file" "C:\\Users\\Hewen\\AppData\\Local\\Temp\\rust_mozprofile8Alt8L"
1586843247306	addons.webextension.doh-rollout@mozilla.org	WARN	Loading extension 'doh-rollout@mozilla.org': Reading manifest: Invalid extension permission: networkStatus
1586843248033	addons.webextension.screenshots@mozilla.org	WARN	Loading extension 'screenshots@mozilla.org': Reading manifest: Invalid extension permission: mozillaAddons
1586843248033	addons.webextension.screenshots@mozilla.org	WARN	Loading extension 'screenshots@mozilla.org': Reading manifest: Invalid extension permission: telemetry
1586843248033	addons.webextension.screenshots@mozilla.org	WARN	Loading extension 'screenshots@mozilla.org': Reading manifest: Invalid extension permission: resource://pdf.js/
1586843248033	addons.webextension.screenshots@mozilla.org	WARN	Loading extension 'screenshots@mozilla.org': Reading manifest: Invalid extension permission: about:reader*
JavaScript error: resource://gre/modules/XULStore.jsm, line 66: Error: Can't find profile directory.
1586843250375	Marionette	INFO	Listening on port 7509
1586843250413	Marionette	WARN	TLS certificate errors will be ignored for this session
JavaScript warning: http://js.mafengwo.net/js/cv/js+Dropdown:js+pageletcommon+pageHeadUserInfoWWWNormal:js+jquery.tmpl:js+M+module+InputListener:js+M+module+SuggestionXHR:js+M+module+DropList:js+M+module+Suggestion:js+M+module+MesSearchEvent:js+SiteSearch:js+AHeader:js+jquery.lazyload:js+M+module+Pagination:js+index+ControllerRecommend:js+M+module+ClickToggle:js+M+module+Slider:js+CitySelectPop:js+xdate:js+hotel+module+FestivalDateConfig:js+jquery-ui-core:js+jquery-ui-datepicker:js+hotel+module+DateRangePicker:js+hotel+module+Datepicker:js+M+module+Storage:js+hotel+module+ModuleProvider:js+hotel+module+BookingDate:js+M+module+dialog+Layer:js+M+module+dialog+DialogBase:js+M+module+dialog+Dialog:js+M+module+dialog+alert:js+hotel+module+Log:js+hotel+module+Search_v2:js+AIndex:js+module+app+Page:js+M+module+Toggle:js+index+AGinfoSearch:js+M+module+PageAdmin:js+M+module+Cookie:js+M+module+ResourceKeeper:js+jquery.jgrowl.min:js+AMessage:js+M+module+FrequencyVerifyControl:js+M+module+FrequencySystemVerify:js+ALogin:js+M+module+ScrollObserver:js+M+module+QRCode:js+AToolbar:js+ACnzzGaLog:js+ARecruit:js+ALazyLoad%5EYlVUQw%5E1577348452.js, line 75: unreachable code after return statement
1586843867824	Marionette	INFO	Stopped listening on port 7509

###!!! [Child][MessageChannel::SendAndWait] Error: Channel error: cannot send/recv

file" "C:\\Users\\Hewen\\AppData\\Local\\Temp\\rust_mozprofileFtyryg"
1586843294728	addons.webextension.doh-rollout@mozilla.org	WARN	Loading extension 'doh-rollout@mozilla.org': Reading manifest: Invalid extension permission: networkStatus
1586843295253	addons.webextension.screenshots@mozilla.org	WARN	Loading extension 'screenshots@mozilla.org': Reading manifest: Invalid extension permission: mozillaAddons
1586843295253	addons.webextension.screenshots@mozilla.org	WARN	Loading extension 'screenshots@mozilla.org': Reading manifest: Invalid extension permission: telemetry
1586843295254	addons.webextension.screenshots@mozilla.org	WARN	Loading extension 'screenshots@mozilla.org': Reading manifest: Invalid extension permission: resource://pdf.js/
1586843295254	addons.webextension.screenshots@mozilla.org	WARN	Loading extension 'screenshots@mozilla.org': Reading manifest: Invalid extension permission: about:reader*
JavaScript error: resource://gre/modules/XULStore.jsm, line 66: Error: Can't find profile directory.
1586843297542	Marionette	INFO	Listening on port 7703
1586843297939	Marionette	WARN	TLS certificate errors will be ignored for this session
JavaScript warning: http://js.mafengwo.net/js/cv/js+Dropdown:js+pageletcommon+pageHeadUserInfoWWWNormal:js+jquery.tmpl:js+M+module+InputListener:js+M+module+SuggestionXHR:js+M+module+DropList:js+M+module+Suggestion:js+M+module+MesSearchEvent:js+SiteSearch:js+AHeader:js+jquery.lazyload:js+M+module+Pagination:js+index+ControllerRecommend:js+M+module+ClickToggle:js+M+module+Slider:js+CitySelectPop:js+xdate:js+hotel+module+FestivalDateConfig:js+jquery-ui-core:js+jquery-ui-datepicker:js+hotel+module+DateRangePicker:js+hotel+module+Datepicker:js+M+module+Storage:js+hotel+module+ModuleProvider:js+hotel+module+BookingDate:js+M+module+dialog+Layer:js+M+module+dialog+DialogBase:js+M+module+dialog+Dialog:js+M+module+dialog+alert:js+hotel+module+Log:js+hotel+module+Search_v2:js+AIndex:js+module+app+Page:js+M+module+Toggle:js+index+AGinfoSearch:js+M+module+PageAdmin:js+M+module+Cookie:js+M+module+ResourceKeeper:js+jquery.jgrowl.min:js+AMessage:js+M+module+FrequencyVerifyControl:js+M+module+FrequencySystemVerify:js+ALogin:js+M+module+ScrollObserver:js+M+module+QRCode:js+AToolbar:js+ACnzzGaLog:js+ARecruit:js+ALazyLoad%5EYlVUQw%5E1577348452.js, line 75: unreachable code after return statement
[Child 31972, Chrome_ChildThread] WARNING: pipe error: 232: file Z:/task_1585933993/build/src/ipc/chromium/src/chrome/common/ipc_channel_win.cc, line 514
1586843311544	mozrunner::runner	INFO	Running command: "C:\\Program Files\\Mozilla Firefox\\firefox.exe" "-marionette" "-foreground" "-no-remote" "-profile" "C:\\Users\\Hewen\\AppData\\Local\\Temp\\rust_mozprofileEMY82w"
1586843311925	addons.webextension.doh-rollout@mozilla.org	WARN	Loading extension 'doh-rollout@mozilla.org': Reading manifest: Invalid extension permission: networkStatus
1586843312448	addons.webextension.screenshots@mozilla.org	WARN	Loading extension 'screenshots@mozilla.org': Reading manifest: Invalid extension permission: mozillaAddons
1586843312449	addons.webextension.screenshots@mozilla.org	WARN	Loading extension 'screenshots@mozilla.org': Reading manifest: Invalid extension permission: telemetry
1586843312449	addons.webextension.screenshots@mozilla.org	WARN	Loading extension 'screenshots@mozilla.org': Reading manifest: Invalid extension permission: resource://pdf.js/
1586843312449	addons.webextension.screenshots@mozilla.org	WARN	Loading extension 'screenshots@mozilla.org': Reading manifest: Invalid extension permission: about:reader*
JavaScript error: resource://gre/modules/XULStore.jsm, line 66: Error: Can't find profile directory.
1586843314984	Marionette	INFO	Listening on port 7826
1586843315160	Marionette	WARN	TLS certificate errors will be ignored for this session
JavaScript warning: http://js.mafengwo.net/js/cv/js+Dropdown:js+pageletcommon+pageHeadUserInfoWWWNormal:js+jquery.tmpl:js+M+module+InputListener:js+M+module+SuggestionXHR:js+M+module+DropList:js+M+module+Suggestion:js+M+module+MesSearchEvent:js+SiteSearch:js+AHeader:js+jquery.lazyload:js+M+module+Pagination:js+index+ControllerRecommend:js+M+module+ClickToggle:js+M+module+Slider:js+CitySelectPop:js+xdate:js+hotel+module+FestivalDateConfig:js+jquery-ui-core:js+jquery-ui-datepicker:js+hotel+module+DateRangePicker:js+hotel+module+Datepicker:js+M+module+Storage:js+hotel+module+ModuleProvider:js+hotel+module+BookingDate:js+M+module+dialog+Layer:js+M+module+dialog+DialogBase:js+M+module+dialog+Dialog:js+M+module+dialog+alert:js+hotel+module+Log:js+hotel+module+Search_v2:js+AIndex:js+module+app+Page:js+M+module+Toggle:js+index+AGinfoSearch:js+M+module+PageAdmin:js+M+module+Cookie:js+M+module+ResourceKeeper:js+jquery.jgrowl.min:js+AMessage:js+M+module+FrequencyVerifyControl:js+M+module+FrequencySystemVerify:js+ALogin:js+M+module+ScrollObserver:js+M+module+QRCode:js+AToolbar:js+ACnzzGaLog:js+ARecruit:js+ALazyLoad%5EYlVUQw%5E1577348452.js, line 75: unreachable code after return statement
1586843868878	Marionette	INFO	Stopped listening on port 7826

###!!! [Child][RunMessage] Error: Channel closing: too late to send/recv, messages will be lost


###!!! [Child][MessageChannel::SendAndWait] Error: Channel error: cannot send/recv

1586844003688	mozrunner::runner	INFO	Running command: "C:\\Program Files\\Mozilla Firefox\\firefox.exe" "-marionette" "-foreground" "-no-remote" "-profile" "C:\\Users\\Hewen\\AppData\\Local\\Temp\\rust_mozprofilelTp6Gr"
1586844004293	addons.webextension.doh-rollout@mozilla.org	WARN	Loading extension 'doh-rollout@mozilla.org': Reading manifest: Invalid extension permission: networkStatus
1586844004779	addons.webextension.screenshots@mozilla.org	WARN	Loading extension 'screenshots@mozilla.org': Reading manifest: Invalid extension permission: mozillaAddons
1586844004779	addons.webextension.screenshots@mozilla.org	WARN	Loading extension 'screenshots@mozilla.org': Reading manifest: Invalid extension permission: telemetry
1586844004780	addons.webextension.screenshots@mozilla.org	WARN	Loading extension 'screenshots@mozilla.org': Reading manifest: Invalid extension permission: resource://pdf.js/
1586844004780	addons.webextension.screenshots@mozilla.org	WARN	Loading extension 'screenshots@mozilla.org': Reading manifest: Invalid extension permission: about:reader*
JavaScript error: resource://gre/modules/XULStore.jsm, line 66: Error: Can't find profile directory.
1586844006909	Marionette	INFO	Listening on port 8927
1586844007315	Marionette	WARN	TLS certificate errors will be ignored for this session
JavaScript warning: http://js.mafengwo.net/js/cv/js+Dropdown:js+pageletcommon+pageHeadUserInfoWWWNormal:js+jquery.tmpl:js+M+module+InputListener:js+M+module+SuggestionXHR:js+M+module+DropList:js+M+module+Suggestion:js+M+module+MesSearchEvent:js+SiteSearch:js+AHeader:js+jquery.lazyload:js+M+module+Pagination:js+index+ControllerRecommend:js+M+module+ClickToggle:js+M+module+Slider:js+CitySelectPop:js+xdate:js+hotel+module+FestivalDateConfig:js+jquery-ui-core:js+jquery-ui-datepicker:js+hotel+module+DateRangePicker:js+hotel+module+Datepicker:js+M+module+Storage:js+hotel+module+ModuleProvider:js+hotel+module+BookingDate:js+M+module+dialog+Layer:js+M+module+dialog+DialogBase:js+M+module+dialog+Dialog:js+M+module+dialog+alert:js+hotel+module+Log:js+hotel+module+Search_v2:js+AIndex:js+module+app+Page:js+M+module+Toggle:js+index+AGinfoSearch:js+M+module+PageAdmin:js+M+module+Cookie:js+M+module+ResourceKeeper:js+jquery.jgrowl.min:js+AMessage:js+M+module+FrequencyVerifyControl:js+M+module+FrequencySystemVerify:js+ALogin:js+M+module+ScrollObserver:js+M+module+QRCode:js+AToolbar:js+ACnzzGaLog:js+ARecruit:js+ALazyLoad%5EYlVUQw%5E1577348452.js, line 75: unreachable code after return statement

###!!! [Child][MessageChannel] Error: (msgtype=0x58000D,name=PHttpChannel::Msg_DeletingChannel) Channel closing: too late to send/recv, messages will be lost


###!!! [Child][MessageChannel] Error: (msgtype=0x58000D,name=PHttpChannel::Msg_DeletingChannel) Channel closing: too late to send/recv, messages will be lost


###!!! [Child][RunMessage] Error: Channel closing: too late to send/recv, messages will be lost


###!!! [Child][RunMessage] Error: Channel closing: too late to send/recv, messages will be lost


###!!! [Child][RunMessage] Error: Channel closing: too late to send/recv, messages will be lost


###!!! [Child][RunMessage] Error: Channel closing: too late to send/recv, messages will be lost


###!!! [Child][RunMessage] Error: Channel closing: too late to send/recv, messages will be lost


###!!! [Child][RunMessage] Error: Channel closing: too late to send/recv, messages will be lost


###!!! [Child][RunMessage] Error: Channel closing: too late to send/recv, messages will be lost


###!!! [Child][RunMessage] Error: Channel closing: too late to send/recv, messages will be lost


###!!! [Child][RunMessage] Error: Channel closing: too late to send/recv, messages will be lost


###!!! [Child][RunMessage] Error: Channel closing: too late to send/recv, messages will be lost


###!!! [Child][RunMessage] Error: Channel closing: too late to send/recv, messages will be lost


###!!! [Child][RunMessage] Error: Channel closing: too late to send/recv, messages will be lost


###!!! [Child][RunMessage] Error: Channel closing: too late to send/recv, messages will be lost


###!!! [Child][RunMessage] Error: Channel closing: too late to send/recv, messages will be lost


###!!! [Child][RunMessage] Error: Channel closing: too late to send/recv, messages will be lost


###!!! [Child][RunMessage] Error: Channel closing: too late to send/recv, messages will be lost


###!!! [Child][RunMessage] Error: Channel closing: too late to send/recv, messages will be lost


###!!! [Child][RunMessage] Error: Channel closing: too late to send/recv, messages will be lost


###!!! [Child][RunMessage] Error: Channel closing: too late to send/recv, messages will be lost


###!!! [Child][RunMessage] Error: Channel closing: too late to send/recv, messages will be lost


###!!! [Child][RunMessage] Error: Channel closing: too late to send/recv, messages will be lost


###!!! [Child][RunMessage] Error: Channel closing: too late to send/recv, messages will be lost


###!!! [Child][RunMessage] Error: Channel closing: too late to send/recv, messages will be lost


###!!! [Child][RunMessage] Error: Channel closing: too late to send/recv, messages will be lost


###!!! [Child][RunMessage] Error: Channel closing: too late to send/recv, messages will be lost


###!!! [Child][RunMessage] Error: Channel closing: too late to send/recv, messages will be lost


###!!! [Child][RunMessage] Error: Channel closing: too late to send/recv, messages will be lost


###!!! [Child][RunMessage] Error: Channel closing: too late to send/recv, messages will be lost


###!!! [Child][RunMessage] Error: Channel closing: too late to send/recv, messages will be lost


###!!! [Child][RunMessage] Error: Channel closing: too late to send/recv, messages will be lost


###!!! [Child][RunMessage] Error: Channel closing: too late to send/recv, messages will be lost


###!!! [Child][RunMessage] Error: Channel closing: too late to send/recv, messages will be lost


###!!! [Child][RunMessage] Error: Channel closing: too late to send/recv, messages will be lost


###!!! [Child][RunMessage] Error: Channel closing: too late to send/recv, messages will be lost


###!!! [Child][RunMessage] Error: Channel closing: too late to send/recv, messages will be lost


###!!! [Child][RunMessage] Error: Channel closing: too late to send/recv, messages will be lost


###!!! [Child][RunMessage] Error: Channel closing: too late to send/recv, messages will be lost


###!!! [Child][RunMessage] Error: Channel closing: too late to send/recv, messages will be lost


###!!! [Child][RunMessage] Error: Channel closing: too late to send/recv, messages will be lost


###!!! [Child][RunMessage] Error: Channel closing: too late to send/recv, messages will be lost


###!!! [Child][RunMessage] Error: Channel closing: too late to send/recv, messages will be lost


###!!! [Child][RunMessage] Error: Channel closing: too late to send/recv, messages will be lost


###!!! [Child][RunMessage] Error: Channel closing: too late to send/recv, messages will be lost


###!!! [Child][RunMessage] Error: Channel closing: too late to send/recv, messages will be lost


###!!! [Child][RunMessage] Error: Channel closing: too late to send/recv, messages will be lost


###!!! [Child][RunMessage] Error: Channel closing: too late to send/recv, messages will be lost


###!!! [Child][RunMessage] Error: Channel closing: too late to send/recv, messages will be lost


###!!! [Child][RunMessage] Error: Channel closing: too late to send/recv, messages will be lost

1586844011099	Marionette	INFO	Stopped listening on port 8927

###!!! [Child][RunMessage] Error: Channel closing: too late to send/recv, messages will be lost


###!!! [Child][MessageChannel::SendAndWait] Error: Channel error: cannot send/recv

